<?xml version="1.0" encoding="UTF-8"?>
<testng-results skipped="0" failed="0" ignored="0" total="1" passed="1">
  <reporter-output>
  </reporter-output>
  <suite name="Default suite" duration-ms="5137" started-at="2021-06-12T03:21:31 IST" finished-at="2021-06-12T03:21:36 IST">
    <groups>
    </groups>
    <test name="Default test" duration-ms="5137" started-at="2021-06-12T03:21:31 IST" finished-at="2021-06-12T03:21:36 IST">
      <class name="interview.assessment1.api.TestApi">
        <test-method status="PASS" signature="test_2()[pri:0, instance:interview.assessment1.api.TestApi@5f3a4b84]" name="test_2" duration-ms="5061" started-at="2021-06-12T03:21:31 IST" description="validation of response of the getAPI" finished-at="2021-06-12T03:21:36 IST">
          <reporter-output>
          </reporter-output>
        </test-method> <!-- test_2 -->
      </class> <!-- interview.assessment1.api.TestApi -->
    </test> <!-- Default test -->
  </suite> <!-- Default suite -->
</testng-results>
